Start getturnover 
Bills Total add  3286.9 
ALL Bills Total for 141E6ADA37C   addTurnover 0
Bills Total add  1533.1 
ALL Bills Total for 142678E6215   addTurnover 0
Bills Total add  833.8 
ALL Bills Total for 142C1A75F5F   addTurnover 0
Bills Total add  1791.85 
ALL Bills Total for 142D90D3B9D   addTurnover 0
Bills Total add  2689.4 
ALL Bills Total for 1436C562FA0   addTurnover 0
Bills Total add  2514.7 
ALL Bills Total for 143709733AD   addTurnover 0
Bills Total add  2499.7 
Bills Total add  980 
ALL Bills Total for 143C1BFA90F   addTurnover 0
ALL Bills Total for 143D81385CD   addTurnover 0
Bills Total add  2834.65 
ALL Bills Total for 14BC5F581DD   addTurnover 0
Bills Total add  582 
ALL Bills Total for 1461DD42812   addTurnover 0
Bills Total add  4646 
ALL Bills Total for 1461DEB436D   addTurnover 0
Bills Total add  2312 
ALL Bills Total for 1463BF7D915   addTurnover 0
ALL Bills Total for 146F7BE12CA   addTurnover 0
ALL Bills Total for 147001B4B41   addTurnover 0
ALL Bills Total for 14700B9CFC0   addTurnover 0
ALL Bills Total for 14700DCD4C8   addTurnover 0
ALL Bills Total for 147429BA90B   addTurnover 0
ALL Bills Total for 1479F7C4EAC   addTurnover 0
ALL Bills Total for 14835E18909   addTurnover 0
ALL Bills Total for 14850D3E9EF   addTurnover 0
ALL Bills Total for 14850EAEB85   addTurnover 0
ALL Bills Total for 14887E18567   addTurnover 0
ALL Bills Total for 148B02E21B7   addTurnover 0
ALL Bills Total for 149099C653B   addTurnover 0
Bills Total add  1756.75 
ALL Bills Total for 149DD23A123   addTurnover 0
ALL Bills Total for 149A072AD62   addTurnover 0
ALL Bills Total for 149A967E5C4   addTurnover 0
ALL Bills Total for 149B8AA9070   addTurnover 0
ALL Bills Total for 149B916B85C   addTurnover 0
Bills Total add  1804.4 
ALL Bills Total for 14A42BFFA0E   addTurnover 0
Bills Total add  3441.2 
ALL Bills Total for 149F0269F58   addTurnover 0
Bills Total add  986.8 
ALL Bills Total for 149F1DE5AB1   addTurnover 0
Bills Total add  1726.55 
ALL Bills Total for 149F1EF43C8   addTurnover 0
Bills Total add  2380 
Bills Total add  1820 
ALL Bills Total for 149F216D0C6   addTurnover 0
Bills Total add  1440 
ALL Bills Total for 14A2D94CE37   addTurnover 0
Bills Total add  1560.1 
ALL Bills Total for 14A37DA38D3   addTurnover 0
Bills Total add  2653.85 
ALL Bills Total for 14A423DE678   addTurnover 0
Bills Total add  1141.3 
ALL Bills Total for 14A57B0D52D   addTurnover 0
Bills Total add  1246.5 
ALL Bills Total for 14A586A3721   addTurnover 0
Bills Total add  1980.9 
Bills Total add  1215.2 
Bills Total add  1215.2 
Bills Total add  1215.2 
ALL Bills Total for 14A62ECEED6   addTurnover 0
Bills Total add  4824.45 
ALL Bills Total for 14A6DD7CB74   addTurnover 0
Bills Total add  1282 
ALL Bills Total for 14C45427045   addTurnover 0
Bills Total add  1233.3 
ALL Bills Total for 14CE67D5C8B   addTurnover 0
Bills Total add  2583.6 
ALL Bills Total for 14CEA8A287D   addTurnover 0
Bills Total add  4599.6 
ALL Bills Total for 14D957B3EC1   addTurnover 0
Bills Total add  1313.65 
ALL Bills Total for 14E3F581A82   addTurnover 0
Bills Total add  3601.05 
ALL Bills Total for 14E3F840F11   addTurnover 0
Bills Total add  860.95 
ALL Bills Total for 14E72B1C426   addTurnover 0
Bills Total add  2281.3 
ALL Bills Total for 14E96B29232   addTurnover 0
