Start getturnover 
ALL Bills Total for 13E54FFF4C8   addTurnover 0
ALL Bills Total for 13E7A0177A0   addTurnover 0
Bills Total add  196.9 
ALL Bills Total for 13F8B3D595B   addTurnover 0
ALL Bills Total for 13E9CD1D8B6   addTurnover 0
ALL Bills Total for 13E9CF131B3   addTurnover 0
Bills Total add  828.42 
ALL Bills Total for 13ECBE6C028   addTurnover 0
Bills Total add  747.6 
ALL Bills Total for 142BD3DB7EE   addTurnover 0
Bills Total add  466 
ALL Bills Total for 13EFA13B29E   addTurnover 0
Bills Total add  358 
ALL Bills Total for 13F37554A99   addTurnover 0
Bills Total add  995.2 
ALL Bills Total for 13F14C89515   addTurnover 0
Bills Total add  107 
ALL Bills Total for 13F1909BF74   addTurnover 0
Bills Total add  1291.8 
ALL Bills Total for 13F3262CF92   addTurnover 0
Bills Total add  1379.7 
ALL Bills Total for 13F2D8D9433   addTurnover 0
Bills Total add  276 
Bills Total add  276 
ALL Bills Total for 142224096B3   addTurnover 0
Bills Total add  328 
ALL Bills Total for 13F9FD52443   addTurnover 0
Bills Total add  348 
ALL Bills Total for 13FAE95CDF4   addTurnover 0
ALL Bills Total for 13FAE97E0BB   addTurnover 0
Bills Total add  328 
ALL Bills Total for 13FAEA9954E   addTurnover 0
Bills Total add  328 
ALL Bills Total for 13FAEBA9A2A   addTurnover 0
Bills Total add  563 
ALL Bills Total for 13FF59D68E0   addTurnover 0
Bills Total add  1356.8 
ALL Bills Total for 14081AC63B0   addTurnover 0
Bills Total add  462 
ALL Bills Total for 13FAEB3B9B3   addTurnover 0
Bills Total add  348 
ALL Bills Total for 14085AEF8CE   addTurnover 0
Bills Total add  1678.8 
ALL Bills Total for 140DE8B7A36   addTurnover 0
ALL Bills Total for 140EC7E27A3   addTurnover 0
Bills Total add  4444.6 
ALL Bills Total for 141124F8412   addTurnover 0
Bills Total add  1313.4 
ALL Bills Total for 141977B2F11   addTurnover 0
Bills Total add  546 
ALL Bills Total for 141A3205D70   addTurnover 0
Bills Total add  1364.6 
ALL Bills Total for 141C63A9D10   addTurnover 0
ALL Bills Total for 141C65F5015   addTurnover 0
Bills Total add  511.9 
ALL Bills Total for 142BDA18C2D   addTurnover 0
Bills Total add  1712.8 
ALL Bills Total for 1426A743287   addTurnover 0
ALL Bills Total for 14279F1E706   addTurnover 0
Bills Total add  822.7 
ALL Bills Total for 1427F40CC86   addTurnover 0
ALL Bills Total for 14295466EEC   addTurnover 0
Bills Total add  720 
ALL Bills Total for 142B31FF9EE   addTurnover 0
Bills Total add  567.05 
ALL Bills Total for 142B7482637   addTurnover 0
Bills Total add  136.6 
ALL Bills Total for 142B8231F5F   addTurnover 0
Bills Total add  474 
ALL Bills Total for 142B7DC50A0   addTurnover 0
ALL Bills Total for 142B8200F71   addTurnover 0
ALL Bills Total for 142B85D53AB   addTurnover 0
Bills Total add  1019.9 
ALL Bills Total for 142B8B80FA1   addTurnover 0
Bills Total add  478.95 
ALL Bills Total for 142BD39D531   addTurnover 0
ALL Bills Total for 142C24F051B   addTurnover 0
Bills Total add  360 
Bills Total add  2500 
ALL Bills Total for 142EB7EF108   addTurnover 0
Bills Total add  328 
ALL Bills Total for 142EC017CCF   addTurnover 0
Bills Total add  854 
ALL Bills Total for 142FAE98F52   addTurnover 0
Bills Total add  1474.7 
Bills Total add  3256 
ALL Bills Total for 1430012FE30   addTurnover 0
ALL Bills Total for 14309A64478   addTurnover 0
ALL Bills Total for 1436632298A   addTurnover 0
ALL Bills Total for 14367B37EAC   addTurnover 0
Bills Total add  1239 
ALL Bills Total for 143B4439DBD   addTurnover 0
Bills Total add  185.37 
Bills Total add  2276.8 
ALL Bills Total for 143B48B1620   addTurnover 0
Bills Total add  328 
ALL Bills Total for 14B923B6C6B   addTurnover 0
ALL Bills Total for 14BC4F7D969   addTurnover 0
Bills Total add  328 
ALL Bills Total for 14BC52A47D0   addTurnover 0
ALL Bills Total for 14C03881CB7   addTurnover 0
Bills Total add  3345.6 
ALL Bills Total for 144066C7E11   addTurnover 0
ALL Bills Total for 1442AEBF185   addTurnover 0
Bills Total add  697 
ALL Bills Total for 1442BFA9C16   addTurnover 0
Bills Total add  673 
ALL Bills Total for 1444E4F358F   addTurnover 0
ALL Bills Total for 1448888723F   addTurnover 0
Bills Total add  628 
ALL Bills Total for 144929B599E   addTurnover 0
Bills Total add  348 
Bills Total add  896.4 
ALL Bills Total for 143B483CB0F   addTurnover 0
Bills Total add  316.6 
ALL Bills Total for 144CF67D02F   addTurnover 0
Bills Total add  2157.8 
ALL Bills Total for 14502E1789A   addTurnover 0
Bills Total add  955 
ALL Bills Total for 144DAB7AE47   addTurnover 0
ALL Bills Total for 14593998623   addTurnover 0
ALL Bills Total for 145A6AF948F   addTurnover 100
ALL Bills Total for 145D0B77B23   addTurnover 0
Bills Total add  572 
Bills Total add  1908.8 
ALL Bills Total for 145FFDBB1E7   addTurnover 4560
ALL Bills Total for 145AE01771E   addTurnover 0
ALL Bills Total for 1461982E64B   addTurnover 0
ALL Bills Total for 146A3CBCB47   addTurnover 0
ALL Bills Total for 146FBAC9AC9   addTurnover 0
ALL Bills Total for 1471A4D933A   addTurnover 250
ALL Bills Total for 1472500450F   addTurnover 0
ALL Bills Total for 1471F3F3AC2   addTurnover 0
ALL Bills Total for 145BC4B33FE   addTurnover 0
Bills Total add  1400 
ALL Bills Total for 14735078A0C   addTurnover 0
ALL Bills Total for 14748E6ADE4   addTurnover 0
Bills Total add  1285.25 
Bills Total add  825.25 
ALL Bills Total for 1475D8A4357   addTurnover 0
ALL Bills Total for 1476CCDDE0B   addTurnover 0
ALL Bills Total for 147E3FFFBA1   addTurnover 0
ALL Bills Total for 148209A22BC   addTurnover 0
ALL Bills Total for 14821398809   addTurnover 0
Bills Total subtract  348 
ALL Bills Total for 1486A22CB50   addTurnover 0
ALL Bills Total for 1486A84E72E   addTurnover 0
ALL Bills Total for 148EEE3599D   addTurnover 350
Bills Total add  1776.6 
Bills Total add  55 
ALL Bills Total for 149134A16A9   addTurnover 0
ALL Bills Total for 1493329DF0A   addTurnover 0
ALL Bills Total for 14936C1629C   addTurnover 555
Bills Total add  348 
ALL Bills Total for 1494CB7D051   addTurnover 52
Bills Total add  348 
ALL Bills Total for 1494372CA8D   addTurnover 0
Bills Total add  1017.5 
ALL Bills Total for 14952BE3E41   addTurnover 0
ALL Bills Total for 14952BE4251   addTurnover 0
Bills Total add  348 
Bills Total add  348 
ALL Bills Total for 14952CFEA33   addTurnover 0
Bills Total add  2075.6 
ALL Bills Total for 14955F22663   addTurnover 0
Bills Total add  348 
ALL Bills Total for 14956DB8C22   addTurnover 250
Bills Total add  3472 
ALL Bills Total for 149761C4B2D   addTurnover 0
Bills Total add  348 
ALL Bills Total for 1499F1A4304   addTurnover 0
Bills Total add  348 
Bills Total add  328 
ALL Bills Total for 149A8840FE9   addTurnover 0
Bills Total add  348 
ALL Bills Total for 149A94CCC9C   addTurnover 152
Bills Total add  1392 
ALL Bills Total for 149A96DB5C6   addTurnover 0
Bills Total add  348 
Bills Total add  348 
Bills Total add  3000 
Bills Total add  165 
Bills Total add  1.95 
Bills Total add  328 
ALL Bills Total for 149A9A306A1   addTurnover 0
Bills Total add  1423.2 
Bills Total add  164 
Bills Total add  328 
Bills Total add  328 
ALL Bills Total for 149C2EC28D2   addTurnover 0
Bills Total add  624 
Bills Total add  348 
Bills Total add  348 
ALL Bills Total for 149AD6D75F7   addTurnover 0
Bills Total add  349 
ALL Bills Total for 149BDCE3BE4   addTurnover 0
ALL Bills Total for 149CD62E3AC   addTurnover 0
Bills Total add  329 
Bills Total add  2.4 
ALL Bills Total for 149CC0F04B7   addTurnover 50
Bills Total add  351.8 
ALL Bills Total for 149CC5640F6   addTurnover 0
ALL Bills Total for 149E0B2A53C   addTurnover 0
ALL Bills Total for 149F5FA490F   addTurnover 0
Bills Total add  328 
ALL Bills Total for 149F1EA0193   addTurnover 0
ALL Bills Total for 149F181FE36   addTurnover 0
ALL Bills Total for 149F183A705   addTurnover 0
ALL Bills Total for 149F1853063   addTurnover 0
Bills Total add  0 
ALL Bills Total for 149F1B646EC   addTurnover 0
Bills Total add  1525.6 
ALL Bills Total for 149F5BDBD94   addTurnover 0
ALL Bills Total for 149F5DF4904   addTurnover 0
Bills Total add  3000 
ALL Bills Total for 149F5F94A4E   addTurnover 12450
ALL Bills Total for 149F6037E61   addTurnover 0
ALL Bills Total for 149FC3F9AC4   addTurnover 0
ALL Bills Total for 14A1093A0A4   addTurnover 0
Bills Total add  3894.8 
ALL Bills Total for 14A0A655E06   addTurnover 0
ALL Bills Total for 14A0F38B7BF   addTurnover 0
ALL Bills Total for 14A106DE2B0   addTurnover 0
ALL Bills Total for 14A106F3A21   addTurnover 0
ALL Bills Total for 14A10703D8B   addTurnover 0
ALL Bills Total for 14A10718D40   addTurnover 0
ALL Bills Total for 14A107229BE   addTurnover 0
ALL Bills Total for 14A2F08A1E8   addTurnover 0
ALL Bills Total for 14A1A3B106B   addTurnover 0
ALL Bills Total for 14A1A3C4F12   addTurnover 0
ALL Bills Total for 14A1A426543   addTurnover 0
ALL Bills Total for 14A1A43666C   addTurnover 0
ALL Bills Total for 14A1A4443A1   addTurnover 0
ALL Bills Total for 14A2F0A3E12   addTurnover 0
ALL Bills Total for 14A34EDA9C6   addTurnover 0
Bills Total add  328 
Bills Total add  328 
ALL Bills Total for 14AE8C297CD   addTurnover 0
Bills Total add  1320 
Bills Total add  328 
Bills Total add  328 
ALL Bills Total for 14B05D847C3   addTurnover 0
ALL Bills Total for 14B592D15C0   addTurnover 0
ALL Bills Total for 14B72C31D45   addTurnover 0
Bills Total add  328 
ALL Bills Total for 14C13440FFE   addTurnover 0
ALL Bills Total for 14C134C249C   addTurnover 0
Bills Total add  328 
ALL Bills Total for 14C4C176302   addTurnover 0
ALL Bills Total for 14C4C748164   addTurnover 0
ALL Bills Total for 14C4C75EF48   addTurnover 0
Bills Total add  924 
ALL Bills Total for 14C55BD56B1   addTurnover 0
Bills Total add  4349 
ALL Bills Total for 14C55800CBE   addTurnover 0
Bills Total add  4473 
ALL Bills Total for 14C55A31352   addTurnover 0
Bills Total add  735.5 
ALL Bills Total for 14C55A3515B   addTurnover 0
Bills Total add  606 
ALL Bills Total for 14C55ABDF2D   addTurnover 0
Bills Total add  704.9 
ALL Bills Total for 14CC2147906   addTurnover 0
Bills Total add  760.6 
ALL Bills Total for 14C55D0B40C   addTurnover 0
Bills Total add  343.9 
ALL Bills Total for 14C55F99B05   addTurnover 0
Bills Total add  328 
ALL Bills Total for 14C5B1DE3D2   addTurnover 0
Bills Total add  328 
ALL Bills Total for 14C5B2302AC   addTurnover 0
Bills Total add  328 
ALL Bills Total for 14C8AE45019   addTurnover 0
Bills Total add  200 
Bills Total add  328 
Bills Total add  328 
ALL Bills Total for 14CC243D15D   addTurnover 0
Bills Total add  500 
Bills Total add  328 
Bills Total add  328 
Bills Total add  328 
Bills Total add  328 
Bills Total add  328 
Bills Total add  328 
Bills Total add  328 
ALL Bills Total for 14CDAA57367   addTurnover 0
Bills Total add  500 
ALL Bills Total for 14CDBFD8EE8   addTurnover 0
Bills Total add  328 
Bills Total add  328 
ALL Bills Total for 14CE0035498   addTurnover 0
Bills Total add  328 
Bills Total add  328 
ALL Bills Total for 14CE07C7E8F   addTurnover 0
Bills Total add  300 
ALL Bills Total for 14CEA4C7F97   addTurnover 0
Bills Total add  328 
Bills Total add  185 
Bills Total add  175 
Bills Total add  328 
Bills Total add  50 
Bills Total add  328 
Bills Total add  328 
ALL Bills Total for 14D3D104038   addTurnover 0
Bills Total add  72 
ALL Bills Total for 14D3D13C960   addTurnover 0
Bills Total add  328 
Bills Total add  328 
Bills Total add  275 
Bills Total add  72 
Bills Total add  328 
Bills Total add  328 
ALL Bills Total for 14D48237236   addTurnover 0
Bills Total add  8 
Bills Total add  328 
ALL Bills Total for 14D48274472   addTurnover 0
Bills Total add  328 
Bills Total add  328 
ALL Bills Total for 14D4D18C8D1   addTurnover 0
Bills Total add  285 
Bills Total add  328 
Bills Total add  328 
Bills Total add  328 
ALL Bills Total for 14D4D1AFAEA   addTurnover 0
Bills Total add  328 
ALL Bills Total for 14D7C451249   addTurnover 0
Bills Total add  328 
Bills Total add  328 
Bills Total add  328 
Bills Total add  328 
Bills Total add  328 
ALL Bills Total for 14D764DD58A   addTurnover 0
Bills Total add  50 
ALL Bills Total for 14D76584B97   addTurnover 0
ALL Bills Total for 14D7C5196F1   addTurnover 0
Bills Total add  328 
ALL Bills Total for 14D7C538148   addTurnover 0
Bills Total add  663 
ALL Bills Total for 14D7CCBF7A2   addTurnover 0
Bills Total add  275 
Bills Total add  328 
ALL Bills Total for 14D7CCFAFB7   addTurnover 0
ALL Bills Total for 14D904C5670   addTurnover 0
ALL Bills Total for 14DB445F2A1   addTurnover 0
ALL Bills Total for 14DB458C2F9   addTurnover 0
ALL Bills Total for 14DB47DF9D0   addTurnover 0
ALL Bills Total for 14DB47F06BD   addTurnover 0
ALL Bills Total for 14DDD0FE7D7   addTurnover 0
ALL Bills Total for 14DDD26CD3D   addTurnover 0
Bills Total add  341.8 
ALL Bills Total for 14DE274A368   addTurnover 0
ALL Bills Total for 14DE276DB84   addTurnover 0
ALL Bills Total for 14DE29FB1DA   addTurnover 0
ALL Bills Total for 14DE2A1114D   addTurnover 0
ALL Bills Total for 14DE28CF73E   addTurnover 0
ALL Bills Total for 14E25BAD2E0   addTurnover 0
ALL Bills Total for 14DE6B5FAB1   addTurnover 0
ALL Bills Total for 14E06698520   addTurnover 0
ALL Bills Total for 14E1BA5B6FE   addTurnover 0
Bills Total add  3535 
ALL Bills Total for 14E2E9D97E7   addTurnover 0
ALL Bills Total for 14E6D2B089D   addTurnover 0
ALL Bills Total for 14E71F11C92   addTurnover 0
ALL Bills Total for 14E7221B358   addTurnover 0
Bills Total add  328 
ALL Bills Total for 14E867A3440   addTurnover 0
ALL Bills Total for 14EABB45DE5   addTurnover 0
ALL Bills Total for 14E8CDEA318   addTurnover 0
ALL Bills Total for 14E8CE67664   addTurnover 0
ALL Bills Total for 14E8DBC9F61   addTurnover 10000
ALL Bills Total for 14E8DCEFF13   addTurnover 0
ALL Bills Total for 14E957E2394   addTurnover 0
ALL Bills Total for 14E95BC8D68   addTurnover 10000
Bills Total add  328 
ALL Bills Total for 14E96486274   addTurnover 0
Bills Total add  838 
ALL Bills Total for 14E973F4722   addTurnover 0
ALL Bills Total for 14EB0DD204C   addTurnover 0
ALL Bills Total for 14EBF4283F5   addTurnover 0
ALL Bills Total for 14BB682D1C5   addTurnover 0
ALL Bills Total for 14EDE691948   addTurnover 0
Bills Total add  2872 
ALL Bills Total for 14EDEAD2712   addTurnover 0
Bills Total add  4601 
ALL Bills Total for 14EDEAC1034   addTurnover 0
Bills Total add  5584 
Bills Total add  726.61 
ALL Bills Total for 14EDEAE5139   addTurnover 0
Bills Total add  328 
ALL Bills Total for 14EDED2C776   addTurnover 0
Bills Total add  328 
Bills Total add  1480 
Bills Total add  275 
ALL Bills Total for 14EF33276CA   addTurnover 1000
ALL Bills Total for 14EF3EFE9C0   addTurnover 0
ALL Bills Total for 14F02E623F9   addTurnover 0
ALL Bills Total for 14F031EA46C   addTurnover 0
ALL Bills Total for 14F037DDB0C   addTurnover 0
Bills Total add  328 
Bills Total add  275 
ALL Bills Total for 14F177D61C1   addTurnover 0
Bills Total add  328 
Bills Total add  328 
Bills Total add  275 
ALL Bills Total for 14F17FE52A6   addTurnover 1000
Bills Total add  328 
Bills Total add  328 
Bills Total add  275 
ALL Bills Total for 14F1B73D67C   addTurnover 1000
Bills Total add  328 
Bills Total add  328 
Bills Total subtract  328 
Bills Total add  3280 
ALL Bills Total for 14F1BCEAA9E   addTurnover 1500
