Start getturnover 
Bills Total add  640 
ALL Bills Total for 14019C4A08E   addTurnover 0
ALL Bills Total for 13E16BF39A0   addTurnover 0
ALL Bills Total for 14034E36CD3   addTurnover 0
Bills Total add  512.3 
ALL Bills Total for 13EC5C96106   addTurnover 0
ALL Bills Total for 13F9F84AE9F   addTurnover 0
ALL Bills Total for 14019A3635E   addTurnover 0
Bills Total add  1597.5 
Bills Total add  3938.67 
ALL Bills Total for 1402FB32DE5   addTurnover 0
Bills Total add  12408.3 
Bills Total add  1000 
ALL Bills Total for 140350DDA53   addTurnover 0
Bills Total add  1502 
ALL Bills Total for 1403D94EA4C   addTurnover 0
ALL Bills Total for 1404E714823   addTurnover 0
Bills Total add  1218.8 
ALL Bills Total for 140578DC172   addTurnover 0
Bills Total add  1725.6 
ALL Bills Total for 1419C242FAC   addTurnover 0
Bills Total add  904 
ALL Bills Total for 14232764DA5   addTurnover 0
Bills Total add  637 
ALL Bills Total for 14298AD3D06   addTurnover 0
ALL Bills Total for 142E1604C55   addTurnover 0
Bills Total add  2148.5 
ALL Bills Total for 1430B5AB935   addTurnover 0
Bills Total add  249.75 
ALL Bills Total for 1444A204002   addTurnover 0
