Start getturnover 
Bills Total add  672.9 
ALL Bills Total for 1407CAD86F1   addTurnover 0
ALL Bills Total for 1407CF3F377   addTurnover 0
ALL Bills Total for 1426B5A0501   addTurnover 0
ALL Bills Total for 14279F6C622   addTurnover 0
ALL Bills Total for 142C2B415B9   addTurnover 0
ALL Bills Total for 142C1F7D67E   addTurnover 0
ALL Bills Total for 142C22786C1   addTurnover 0
ALL Bills Total for 142C24D1E5C   addTurnover 0
ALL Bills Total for 142C2C89D5E   addTurnover 0
ALL Bills Total for 142C2E3FAB4   addTurnover 0
ALL Bills Total for 142C2F749BD   addTurnover 0
ALL Bills Total for 142C30FE239   addTurnover 0
ALL Bills Total for 142C316FEB6   addTurnover 0
ALL Bills Total for 142C31F99FC   addTurnover 0
ALL Bills Total for 142E6FB93AC   addTurnover 0
ALL Bills Total for 142E6E8E729   addTurnover 0
ALL Bills Total for 142E7087168   addTurnover 0
ALL Bills Total for 142E71B30E1   addTurnover 0
ALL Bills Total for 142E73475A9   addTurnover 0
ALL Bills Total for 142E73BE0B1   addTurnover 0
Bills Total add  473 
ALL Bills Total for 142FAE6D0F7   addTurnover 0
ALL Bills Total for 1430B757426   addTurnover 0
ALL Bills Total for 1431E477117   addTurnover 0
ALL Bills Total for 14396754F28   addTurnover 0
ALL Bills Total for 143AF425723   addTurnover 0
Bills Total add  6991.2 
Bills Total subtract  6991.2 
Bills Total add  5016.2 
Bills Total add  3017.95 
ALL Bills Total for 14BDAE73A11   addTurnover 0
ALL Bills Total for 1442550BB04   addTurnover 0
ALL Bills Total for 1446D5DD2B8   addTurnover 0
ALL Bills Total for 144B52D689A   addTurnover 0
ALL Bills Total for 144B53C8AF8   addTurnover 0
ALL Bills Total for 144B579F7B6   addTurnover 0
ALL Bills Total for 144B59F4EF0   addTurnover 0
ALL Bills Total for 144B5FA96A6   addTurnover 0
ALL Bills Total for 1452C09ECB4   addTurnover 0
ALL Bills Total for 145CBC3BDA9   addTurnover 0
ALL Bills Total for 145D66B4ECC   addTurnover 0
ALL Bills Total for 145D66218F9   addTurnover 0
ALL Bills Total for 14661A97621   addTurnover 0
ALL Bills Total for 1466B59A511   addTurnover 0
ALL Bills Total for 1466B866DB7   addTurnover 0
ALL Bills Total for 1466C07F583   addTurnover 0
ALL Bills Total for 1466C1F6281   addTurnover 0
ALL Bills Total for 1468B2C0151   addTurnover 0
ALL Bills Total for 1468B355C8B   addTurnover 0
ALL Bills Total for 146A401D92F   addTurnover 0
ALL Bills Total for 146F67BB4D0   addTurnover 0
ALL Bills Total for 146F68FA7AC   addTurnover 0
ALL Bills Total for 1473E6A6542   addTurnover 0
ALL Bills Total for 147433528E4   addTurnover 0
ALL Bills Total for 14768938980   addTurnover 0
ALL Bills Total for 1476899FFF9   addTurnover 0
Bills Total add  1645 
Bills Total subtract  1645 
Bills Total add  1537 
ALL Bills Total for 147C0DB740D   addTurnover 0
ALL Bills Total for 147CA7A0734   addTurnover 0
ALL Bills Total for 147D4730BE0   addTurnover 0
Bills Total add  1555.6 
ALL Bills Total for 148177F505A   addTurnover 0
ALL Bills Total for 148A79E74FC   addTurnover 0
ALL Bills Total for 14909C194E3   addTurnover 0
Bills Total add  1303 
ALL Bills Total for 149418C7D2E   addTurnover 0
ALL Bills Total for 14950EC552B   addTurnover 0
ALL Bills Total for 1497F61D485   addTurnover 0
Bills Total add  1220 
ALL Bills Total for 149A81C77B5   addTurnover 0
ALL Bills Total for 149EBD71C9A   addTurnover 0
Bills Total add  2018.1 
ALL Bills Total for 149E1D1A35B   addTurnover 0
Bills Total add  908.5 
ALL Bills Total for 149EC62E003   addTurnover 0
Bills Total add  1489.6 
Bills Total subtract  1489.6 
Bills Total add  1489.6 
ALL Bills Total for 1498AC909EE   addTurnover 0
Bills Total add  1393 
Bills Total add  900 
ALL Bills Total for 14A100E2F63   addTurnover 0
Bills Total add  2579.8 
Bills Total add  2102.7 
Bills Total add  2102.7 
ALL Bills Total for 14A6233611B   addTurnover 0
Bills Total add  1193.6 
Bills Total subtract  1193.6 
Bills Total add  1193.6 
ALL Bills Total for 14B2AFDFEB8   addTurnover 0
Bills Total add  1083.35 
Bills Total add  781.4 
Bills Total add  781.4 
Bills Total add  781.4 
ALL Bills Total for 14B172B2136   addTurnover 0
Bills Total add  2462.6 
Bills Total add  2522.2 
Bills Total add  2522.2 
Bills Total subtract  2462.6 
Bills Total add  1948.55 
Bills Total add  1479.55 
ALL Bills Total for 14CB6D87523   addTurnover 0
Bills Total add  2155.4 
ALL Bills Total for 14CB704098C   addTurnover 0
Bills Total add  1413 
ALL Bills Total for 14CD7010E5E   addTurnover 0
Bills Total add  321.5 
ALL Bills Total for 14D22940C35   addTurnover 0
Bills Total add  1044.4 
ALL Bills Total for 14DF69914CC   addTurnover 0
Bills Total add  906 
Bills Total add  1051.5 
Bills Total subtract  906 
ALL Bills Total for 14D0A8A0B37   addTurnover 0
Bills Total add  1006 
ALL Bills Total for 14E006BE0E8   addTurnover 0
Bills Total add  1286 
Bills Total add  676 
ALL Bills Total for 14E0627A914   addTurnover 0
Bills Total add  1417 
Bills Total add  994.5 
ALL Bills Total for 14E7828CA0D   addTurnover 0
Bills Total add  1772.2 
ALL Bills Total for 14EAB210624   addTurnover 0
Bills Total add  688 
ALL Bills Total for 14EB0BF11BF   addTurnover 0
Bills Total add  5082.07 
ALL Bills Total for 14ED88ABEE6   addTurnover 0
Bills Total add  859 
Bills Total add  859 
Bills Total subtract  859 
ALL Bills Total for 14EDEEA8607   addTurnover 0
Bills Total add  850 
ALL Bills Total for 14EFD0542EA   addTurnover 0
Bills Total add  836 
ALL Bills Total for 14E0B9F6529   addTurnover 0
Bills Total add  1519.24 
Bills Total subtract  1519.24 
Bills Total add  1519.24 
ALL Bills Total for 14E9BEF8F36   addTurnover 0
Bills Total add  502.95 
ALL Bills Total for 14EFD11AB26   addTurnover 0
