Start getturnover 
Bills Total add  367.8 
ALL Bills Total for 14095E2472B   addTurnover 0
Bills Total add  328 
ALL Bills Total for 142EC017CCF   addTurnover 0
ALL Bills Total for 14C03881CB7   addTurnover 0
Bills Total add  194 
ALL Bills Total for 144017EDC49   addTurnover 0
ALL Bills Total for 1489BCA3629   addTurnover 0
Bills Total add  348 
ALL Bills Total for 1494CB7D051   addTurnover 52
ALL Bills Total for 14952BE4251   addTurnover 0
Bills Total add  2067.91 
ALL Bills Total for 149CD72B708   addTurnover 0
Bills Total add  371.3 
ALL Bills Total for 14D2DC1E5FD   addTurnover 0
Bills Total add  275 
Bills Total add  328 
ALL Bills Total for 14D7CCFAFB7   addTurnover 0
Bills Total add  491.4 
ALL Bills Total for 14077F006BC   addTurnover 0
ALL Bills Total for 141270CF089   addTurnover 0
Bills Total add  89.38 
Bills Total add  89.38 
Bills Total add  3335.6 
ALL Bills Total for 147A62EBF4C   addTurnover 0
ALL Bills Total for 149FC3F9AC4   addTurnover 0
ALL Bills Total for 14A0F38B7BF   addTurnover 0
ALL Bills Total for 14A1A43666C   addTurnover 0
Bills Total add  236 
ALL Bills Total for 14203E0B6CB   addTurnover 0
ALL Bills Total for 14C4C75EF48   addTurnover 0
Bills Total add  688 
ALL Bills Total for 14D75202FA2   addTurnover 0
