Create credit psoition  14F177D61C1
Create credit psoition amount 20
Create credit psoition 14F177D61C1 14F177D61C1
Create credit psoition amount 40
Create credit psoition  14F1BCEAA9E
Create credit psoition amount 20
Create credit psoition 14F1BCEAA9E 14F1BCEAA9E
Create credit psoition amount 40
Create credit psoition 14F1BCEAA9E 14F1BCEAA9E
Create credit psoition amount 90
Create credit psoition 14F1BCEAA9E 14F1BCEAA9E
Create credit psoition amount 110
No valid partner/mediator  SELECT name as brand,owner as name,street,zip, town  FROM   `mediator`  WHERE  id=62 AND provision=1 AND `ignore` = 0  for type 1
Create credit psoition  14F17FE52A6
Create credit psoition amount 20
Create credit psoition 14F17FE52A6 14F17FE52A6
Create credit psoition amount 40
Create credit psoition 14F17FE52A6 14F17FE52A6
Create credit psoition amount 60
70 Rechnungen und 3 Gutschriften erstellt für 20153
