Start getturnover 
Bills Total add  1923.7 
Bills Total add  1923.7 
ALL Bills Total for 14231AE2433   addTurnover 0
ALL Bills Total for 142466B69D3   addTurnover 0
ALL Bills Total for 142507F7A48   addTurnover 0
ALL Bills Total for 1429F74132F   addTurnover 0
Bills Total add  1255 
ALL Bills Total for 142E688D41B   addTurnover 0
Bills Total add  1444 
ALL Bills Total for 142E72F6BEF   addTurnover 0
Bills Total add  1222.6 
ALL Bills Total for 143AF7B16E9   addTurnover 0
Bills Total add  2955.62 
ALL Bills Total for 143B91D87AB   addTurnover 0
Bills Total add  940.3 
ALL Bills Total for 14BC58A3A15   addTurnover 0
Bills Total add  1529.6 
ALL Bills Total for 14BC5DDAAD1   addTurnover 0
Bills Total add  837.8 
ALL Bills Total for 144208C8444   addTurnover 0
ALL Bills Total for 14472ADA225   addTurnover 0
Bills Total add  2251.5 
ALL Bills Total for 1449C55D022   addTurnover 0
ALL Bills Total for 144B51F2E6C   addTurnover 0
Bills Total add  1337.3 
ALL Bills Total for 144BF8C3EC2   addTurnover 0
Bills Total add  1630 
ALL Bills Total for 144F809E474   addTurnover 0
Bills Total add  809 
ALL Bills Total for 145D678B18D   addTurnover 0
Bills Total add  1349.8 
ALL Bills Total for 145FF634B36   addTurnover 0
Bills Total add  1076.2 
ALL Bills Total for 145FEA96E65   addTurnover 0
ALL Bills Total for 146C7B7C0ED   addTurnover 0
ALL Bills Total for 146F6EA823F   addTurnover 0
ALL Bills Total for 146FB2E776C   addTurnover 0
ALL Bills Total for 147C45ED9B8   addTurnover 0
ALL Bills Total for 14830ADFE25   addTurnover 0
ALL Bills Total for 1482FC90A32   addTurnover 0
Bills Total add  1142.02 
Bills Total add  1142.02 
ALL Bills Total for 1483146BF0C   addTurnover 0
ALL Bills Total for 1483543A17D   addTurnover 0
ALL Bills Total for 14835668193   addTurnover 0
ALL Bills Total for 1483593B983   addTurnover 0
ALL Bills Total for 1483625E71B   addTurnover 0
ALL Bills Total for 148364E1C31   addTurnover 0
ALL Bills Total for 148368BC77D   addTurnover 0
ALL Bills Total for 148592FC352   addTurnover 0
Bills Total add  1246.1 
ALL Bills Total for 1485529A1B6   addTurnover 0
ALL Bills Total for 14858C5F139   addTurnover 0
ALL Bills Total for 1485902B101   addTurnover 0
ALL Bills Total for 14859914479   addTurnover 0
ALL Bills Total for 148595267ED   addTurnover 0
ALL Bills Total for 14859C809D5   addTurnover 0
ALL Bills Total for 1485A67E9DE   addTurnover 0
ALL Bills Total for 1485F8805EE   addTurnover 0
ALL Bills Total for 14863B277CB   addTurnover 0
Bills Total add  1153.74 
ALL Bills Total for 148646E0AAE   addTurnover 0
ALL Bills Total for 14864811195   addTurnover 0
ALL Bills Total for 14864D49739   addTurnover 0
ALL Bills Total for 14864F465E3   addTurnover 0
ALL Bills Total for 148650559E9   addTurnover 0
ALL Bills Total for 1489D699C9C   addTurnover 0
ALL Bills Total for 148A7F4E381   addTurnover 0
Bills Total add  2260.28 
ALL Bills Total for 148ABB06136   addTurnover 0
ALL Bills Total for 148AC14D242   addTurnover 0
ALL Bills Total for 1491D50707B   addTurnover 0
ALL Bills Total for 1491D9EB659   addTurnover 0
ALL Bills Total for 1492D17EB1D   addTurnover 0
Bills Total add  2006.51 
Bills Total subtract  2006.51 
Bills Total add  431.2 
ALL Bills Total for 1492D728021   addTurnover 0
ALL Bills Total for 14931BC0C85   addTurnover 0
ALL Bills Total for 14937067589   addTurnover 0
ALL Bills Total for 1497A570D35   addTurnover 0
ALL Bills Total for 1497A8F5529   addTurnover 0
ALL Bills Total for 14989AD92F3   addTurnover 0
Bills Total add  2233.43 
ALL Bills Total for 149A4454AD4   addTurnover 0
Bills Total add  1596.31 
ALL Bills Total for 149A878868C   addTurnover 0
Bills Total add  1742.6 
ALL Bills Total for 149ACF79360   addTurnover 0
Bills Total add  1080.8 
ALL Bills Total for 149BDB75C02   addTurnover 0
Bills Total add  3187.13 
ALL Bills Total for 149E6F81EB9   addTurnover 0
Bills Total add  1131.85 
ALL Bills Total for 149F0913795   addTurnover 0
Bills Total add  1611.16 
ALL Bills Total for 14A289B1B19   addTurnover 0
Bills Total add  1554.8 
ALL Bills Total for 14A3D5E4C8D   addTurnover 0
Bills Total add  1943.37 
ALL Bills Total for 14AC3DED492   addTurnover 0
Bills Total add  1076.04 
ALL Bills Total for 14B00E66664   addTurnover 0
Bills Total add  812.25 
ALL Bills Total for 14B014A916E   addTurnover 0
Bills Total add  1762.8 
ALL Bills Total for 14B263856D3   addTurnover 0
Bills Total add  1709.05 
ALL Bills Total for 14B4EA2335B   addTurnover 0
Bills Total add  1139.2 
ALL Bills Total for 14C0DEA3B42   addTurnover 0
Bills Total add  3696.6 
ALL Bills Total for 14CE61F4540   addTurnover 0
Bills Total add  709 
ALL Bills Total for 14E6DA6B984   addTurnover 0
Bills Total add  636 
ALL Bills Total for 14E72115125   addTurnover 0
Bills Total add  1442.5 
ALL Bills Total for 14E72EA5314   addTurnover 0
Bills Total add  1664.2 
ALL Bills Total for 14E77563816   addTurnover 0
Bills Total add  723 
ALL Bills Total for 14E8C03DDD8   addTurnover 0
Bills Total add  1058 
ALL Bills Total for 14E91200563   addTurnover 0
Bills Total add  1274 
ALL Bills Total for 14EAA751837   addTurnover 0
Bills Total add  1280.3 
ALL Bills Total for 14EB4738EAB   addTurnover 0
Bills Total add  2718.78 
ALL Bills Total for 14F1BC4B1FC   addTurnover 0
Bills Total add  1017 
ALL Bills Total for 14F2582D7FA   addTurnover 0
