Start getturnover 
ALL Bills Total for 13E8EEB795A   addTurnover 0
Bills Total add  995.2 
ALL Bills Total for 13F14C89515   addTurnover 0
Bills Total add  348 
ALL Bills Total for 13F89BCF49F   addTurnover 0
Bills Total add  2337.05 
ALL Bills Total for 13FC73EE78F   addTurnover 0
Bills Total add  1297.78 
ALL Bills Total for 13FF508B5F9   addTurnover 0
ALL Bills Total for 14002334746   addTurnover 0
ALL Bills Total for 14010EB13E8   addTurnover 0
ALL Bills Total for 14019A3635E   addTurnover 0
ALL Bills Total for 1402FC4FC66   addTurnover 0
ALL Bills Total for 140390F1FF3   addTurnover 0
ALL Bills Total for 1403D7DF7A2   addTurnover 0
Bills Total add  1218.8 
ALL Bills Total for 140578DC172   addTurnover 0
Bills Total add  348 
ALL Bills Total for 1407BA06D9D   addTurnover 0
ALL Bills Total for 1413FB964BE   addTurnover 0
Bills Total add  44.6 
ALL Bills Total for 141401BDA7E   addTurnover 0
Bills Total add  1168.88 
Bills Total add  1317.02 
Bills Total add  1436.5 
ALL Bills Total for 141824E2597   addTurnover 0
Bills Total add  1313.4 
ALL Bills Total for 141977B2F11   addTurnover 0
Bills Total add  546 
ALL Bills Total for 141A3205D70   addTurnover 0
Bills Total add  1364.6 
ALL Bills Total for 141C63A9D10   addTurnover 0
Bills Total add  2108.8 
ALL Bills Total for 141EF07A297   addTurnover 0
Bills Total add  1704.5 
ALL Bills Total for 1429E9AF2FD   addTurnover 0
Bills Total add  1321.5 
ALL Bills Total for 142B8772AB4   addTurnover 0
ALL Bills Total for 142E5D15923   addTurnover 0
Bills Total add  540 
ALL Bills Total for 14380D80F39   addTurnover 0
Bills Total add  1593.4 
Bills Total add  316.51 
Bills Total add  255.71 
ALL Bills Total for 143BE3841BE   addTurnover 0
Bills Total add  608 
Bills Total add  1556 
ALL Bills Total for 143C3E8986F   addTurnover 0
Bills Total add  895.5 
ALL Bills Total for 143D2F30179   addTurnover 0
ALL Bills Total for 14BC1080881   addTurnover 0
Bills Total add  980 
ALL Bills Total for 14BE8CFA21E   addTurnover 0
Bills Total add  1722.95 
ALL Bills Total for 14C0793F52D   addTurnover 0
ALL Bills Total for 143AFB53D26   addTurnover 0
ALL Bills Total for 1443A9C19F1   addTurnover 0
ALL Bills Total for 1448CB7B543   addTurnover 0
ALL Bills Total for 144921F0093   addTurnover 0
Bills Total add  1451.3 
ALL Bills Total for 144BABCE267   addTurnover 0
Bills Total add  1230.38 
ALL Bills Total for 145BCE1816C   addTurnover 0
ALL Bills Total for 145D08397CD   addTurnover 0
ALL Bills Total for 145D09A5C4F   addTurnover 0
Bills Total add  278.4 
ALL Bills Total for 145DC1C1520   addTurnover 0
ALL Bills Total for 145F5BD012E   addTurnover 0
Bills Total add  397.25 
Bills Total add  419.86 
ALL Bills Total for 14627C01E33   addTurnover 0
Bills Total add  936.8 
ALL Bills Total for 1463DA3C253   addTurnover 0
Bills Total add  194 
Bills Total add  194 
Bills Total add  194 
ALL Bills Total for 146863FCF03   addTurnover 0
ALL Bills Total for 146A996019A   addTurnover 0
ALL Bills Total for 146C841C034   addTurnover 0
Bills Total add  2082.76 
ALL Bills Total for 146F15E0026   addTurnover 0
ALL Bills Total for 147001B4B41   addTurnover 0
Bills Total add  2569.25 
Bills Total add  1428.64 
ALL Bills Total for 1471B782ACB   addTurnover 0
ALL Bills Total for 14724CB7B22   addTurnover 0
ALL Bills Total for 147A5AA88F5   addTurnover 0
ALL Bills Total for 147AA5BDBB8   addTurnover 0
Bills Total add  5115.42 
ALL Bills Total for 147AF2CDB76   addTurnover 9761.41
Bills Total add  862 
Bills Total add  669 
Bills Total add  669 
ALL Bills Total for 147F8B69280   addTurnover 0
Bills Total add  2280.68 
ALL Bills Total for 1480CDD6F87   addTurnover 0
ALL Bills Total for 148787E4D6B   addTurnover 0
ALL Bills Total for 1488C92F976   addTurnover 0
ALL Bills Total for 148CBB28FAD   addTurnover 0
ALL Bills Total for 149799A30FA   addTurnover 0
ALL Bills Total for 149A2C158B7   addTurnover 0
ALL Bills Total for 149A44F4BB6   addTurnover 0
ALL Bills Total for 149BD07F141   addTurnover 0
Bills Total add  348 
ALL Bills Total for 149E0B641DA   addTurnover 0
Bills Total add  1669.83 
Bills Total subtract  269.25 
ALL Bills Total for 149F0B8CC6B   addTurnover 0
Bills Total add  2223.92 
Bills Total add  1266.32 
Bills Total add  1266.32 
ALL Bills Total for 14B4FEBC5E4   addTurnover 0
Bills Total add  3289.64 
Bills Total add  699.3 
Bills Total add  699.3 
ALL Bills Total for 14AECE5869C   addTurnover 0
Bills Total add  1475.48 
Bills Total add  1036.13 
ALL Bills Total for 14B01907115   addTurnover 0
Bills Total add  358 
ALL Bills Total for 14B0C049DBD   addTurnover 0
Bills Total add  965.58 
Bills Total add  255.2 
ALL Bills Total for 14B4A647818   addTurnover 0
Bills Total add  644 
Bills Total add  629 
Bills Total add  629 
Bills Total add  629 
ALL Bills Total for 14B4AA86EFA   addTurnover 0
Bills Total add  602 
Bills Total add  1595 
Bills Total add  5836.57 
Bills Total add  922.9 
Bills Total add  1692.5 
ALL Bills Total for 14D7A58FCB5   addTurnover 0
Bills Total add  1473 
ALL Bills Total for 14C752D29DE   addTurnover 0
Bills Total add  1650.7 
ALL Bills Total for 14CA1CD4271   addTurnover 0
Bills Total add  448 
ALL Bills Total for 14CA2CB6234   addTurnover 0
Bills Total add  378 
ALL Bills Total for 14CA37101F4   addTurnover 0
Bills Total add  1064.1 
ALL Bills Total for 14CBC7749DC   addTurnover 0
Bills Total add  1116.8 
ALL Bills Total for 14CE649F759   addTurnover 0
Bills Total add  2931.36 
ALL Bills Total for 14CEA8356DB   addTurnover 0
Bills Total add  1707.3 
ALL Bills Total for 14D1F5D5BA1   addTurnover 0
Bills Total add  15432.2 
ALL Bills Total for 14D22F7A548   addTurnover 0
Bills Total add  1321.5 
Bills Total add  309.34 
ALL Bills Total for 14D434FF613   addTurnover 0
Bills Total add  1901.04 
ALL Bills Total for 14D663FE2FD   addTurnover 0
Bills Total add  1155.9 
ALL Bills Total for 14D9AC9BA58   addTurnover 0
Bills Total add  638 
ALL Bills Total for 14DB98ACE8E   addTurnover 0
ALL Bills Total for 14DD22CC747   addTurnover 0
Bills Total add  1768.8 
ALL Bills Total for 14DE174BB5D   addTurnover 0
Bills Total add  363 
Bills Total add  794 
ALL Bills Total for 14E68CE2CDE   addTurnover 0
Bills Total add  1838.05 
Bills Total add  148 
Bills Total add  148 
ALL Bills Total for 14E3DB7275C   addTurnover 0
Bills Total add  644 
Bills Total add  536 
ALL Bills Total for 14E4937DD04   addTurnover 0
Bills Total add  675.37 
ALL Bills Total for 14E524417CC   addTurnover 0
Bills Total add  962.8 
ALL Bills Total for 14E623ECD37   addTurnover 0
Bills Total add  977.8 
ALL Bills Total for 14E7364F86D   addTurnover 0
ALL Bills Total for 14E776F836E   addTurnover 0
Bills Total add  275 
Bills Total add  275 
ALL Bills Total for 14E8831FF92   addTurnover 0
Bills Total add  363 
ALL Bills Total for 14E96C0400A   addTurnover 0
Bills Total add  2236.48 
ALL Bills Total for 14EAF66B651   addTurnover 0
ALL Bills Total for 14ED9B004F1   addTurnover 0
ALL Bills Total for 13E8EEB795A   addTurnover 0
ALL Bills Total for 145A7B98481   addTurnover 0
Bills Total add  5115.42 
ALL Bills Total for 147AF2CDB76   addTurnover 9761.41
ALL Bills Total for 149A44F4BB6   addTurnover 0
Bills Total add  15432.2 
ALL Bills Total for 14CD0CEFB8F   addTurnover 0
ALL Bills Total for 13E8EEB795A   addTurnover 0
ALL Bills Total for 145CC32F474   addTurnover 0
Bills Total add  387.95 
ALL Bills Total for 14B7D06BB0A   addTurnover 0
Bills Total add  1473 
ALL Bills Total for 14C752D29DE   addTurnover 0
